<?xml version="1.0" encoding="UTF-8"?>
<!-- Generated by org.testng.reporters.JUnitXMLReporter -->
<testsuite hostname="WAQUAR" name="Test" tests="4" failures="0" timestamp="26 Jul 2019 19:34:42 GMT" time="0.096" errors="0">
  <testcase name="@BeforeClass configBC" time="0.0" classname="com.autotest.crm.leads.Lead_Test">
    <failure type="java.lang.NullPointerException">
      <![CDATA[java.lang.NullPointerException
	at com.autotest.crm.genericlib.Browser.launchBrowser(Browser.java:18)
	at com.autotest.crm.genericlib.BaseClass.configBC(BaseClass.java:28)
... Removed 24 stack frames]]>
    </failure>
  </testcase> <!-- @BeforeClass configBC -->
  <testcase name="@BeforeMethod configBM" time="0.0" classname="com.autotest.crm.leads.Lead_Test">
    <skipped/>
  </testcase> <!-- @BeforeMethod configBM -->
  <testcase name="@AfterMethod configAM" time="0.0" classname="com.autotest.crm.leads.Lead_Test">
    <skipped/>
  </testcase> <!-- @AfterMethod configAM -->
  <testcase name="@BeforeMethod configBM" time="0.0" classname="com.autotest.crm.leads.Lead_Test">
    <skipped/>
  </testcase> <!-- @BeforeMethod configBM -->
  <testcase name="@AfterMethod configAM" time="0.0" classname="com.autotest.crm.leads.Lead_Test">
    <skipped/>
  </testcase> <!-- @AfterMethod configAM -->
  <testcase name="@BeforeMethod configBM" time="0.0" classname="com.autotest.crm.leads.Lead_Test">
    <skipped/>
  </testcase> <!-- @BeforeMethod configBM -->
  <testcase name="@AfterMethod configAM" time="0.0" classname="com.autotest.crm.leads.Lead_Test">
    <skipped/>
  </testcase> <!-- @AfterMethod configAM -->
  <testcase name="@BeforeMethod configBM" time="0.0" classname="com.autotest.crm.leads.Lead_Test">
    <skipped/>
  </testcase> <!-- @BeforeMethod configBM -->
  <testcase name="@AfterMethod configAM" time="0.0" classname="com.autotest.crm.leads.Lead_Test">
    <skipped/>
  </testcase> <!-- @AfterMethod configAM -->
  <testcase name="@AfterClass configAC" time="0.0" classname="com.autotest.crm.leads.Lead_Test">
    <skipped/>
  </testcase> <!-- @AfterClass configAC -->
  <testcase name="test_Create_Leads" time="0.004" classname="com.autotest.crm.leads.Lead_Test">
    <skipped/>
  </testcase> <!-- test_Create_Leads -->
  <testcase name="test_Create_Leads_With_Industry" time="0.001" classname="com.autotest.crm.leads.Lead_Test">
    <skipped/>
  </testcase> <!-- test_Create_Leads_With_Industry -->
  <testcase name="test_Create_Leads_With_Last_Name_And_Company_Name" time="0.0" classname="com.autotest.crm.leads.Lead_Test">
    <skipped/>
  </testcase> <!-- test_Create_Leads_With_Last_Name_And_Company_Name -->
  <testcase name="test_Create_Leads_With_Lead_Source_Only" time="0.0" classname="com.autotest.crm.leads.Lead_Test">
    <skipped/>
  </testcase> <!-- test_Create_Leads_With_Lead_Source_Only -->
</testsuite> <!-- Test -->
