<?xml version="1.0" encoding="UTF-8"?>
<testng-results skipped="0" failed="0" total="1" passed="1">
  <reporter-output>
    <line>
      <![CDATA[Deleting leads started]]>
    </line>
    <line>
      <![CDATA[Navigate to leads page]]>
    </line>
    <line>
      <![CDATA[Lead is selected]]>
    </line>
    <line>
      <![CDATA[User is deleted]]>
    </line>
    <line>
      <![CDATA[]]>
    </line>
    <line>
      <![CDATA[Deleting leads ended]]>
    </line>
  </reporter-output>
  <suite name="Default suite" duration-ms="80533" started-at="2019-07-26T19:39:13Z" finished-at="2019-07-26T19:40:34Z">
    <groups>
    </groups>
    <test name="Default test" duration-ms="80533" started-at="2019-07-26T19:39:13Z" finished-at="2019-07-26T19:40:34Z">
      <class name="com.autotest.crm.leads.Delete_Leads_Test">
        <test-method status="PASS" signature="configBC()[pri:0, instance:com.autotest.crm.leads.Delete_Leads_Test@11531931]" name="configBC" is-config="true" duration-ms="13538" started-at="2019-07-27T01:09:13Z" finished-at="2019-07-27T01:09:27Z">
          <reporter-output>
          </reporter-output>
        </test-method> <!-- configBC -->
        <test-method status="PASS" signature="configBM()[pri:0, instance:com.autotest.crm.leads.Delete_Leads_Test@11531931]" name="configBM" is-config="true" duration-ms="38238" started-at="2019-07-27T01:09:27Z" finished-at="2019-07-27T01:10:05Z">
          <reporter-output>
          </reporter-output>
        </test-method> <!-- configBM -->
        <test-method status="PASS" signature="test_Delete_Leads()[pri:0, instance:com.autotest.crm.leads.Delete_Leads_Test@11531931]" name="test_Delete_Leads" duration-ms="22830" started-at="2019-07-27T01:10:05Z" finished-at="2019-07-27T01:10:28Z">
          <reporter-output>
            <line>
              <![CDATA[Deleting leads started]]>
            </line>
            <line>
              <![CDATA[Navigate to leads page]]>
            </line>
            <line>
              <![CDATA[Lead is selected]]>
            </line>
            <line>
              <![CDATA[User is deleted]]>
            </line>
            <line>
              <![CDATA[]]>
            </line>
            <line>
              <![CDATA[Deleting leads ended]]>
            </line>
          </reporter-output>
        </test-method> <!-- test_Delete_Leads -->
        <test-method status="PASS" signature="configAM()[pri:0, instance:com.autotest.crm.leads.Delete_Leads_Test@11531931]" name="configAM" is-config="true" duration-ms="5506" started-at="2019-07-27T01:10:28Z" finished-at="2019-07-27T01:10:34Z">
          <reporter-output>
          </reporter-output>
        </test-method> <!-- configAM -->
        <test-method status="PASS" signature="configAC()[pri:0, instance:com.autotest.crm.leads.Delete_Leads_Test@11531931]" name="configAC" is-config="true" duration-ms="407" started-at="2019-07-27T01:10:34Z" finished-at="2019-07-27T01:10:34Z">
          <reporter-output>
          </reporter-output>
        </test-method> <!-- configAC -->
      </class> <!-- com.autotest.crm.leads.Delete_Leads_Test -->
    </test> <!-- Default test -->
  </suite> <!-- Default suite -->
</testng-results>
